{"C:\\Users\\anast\\OneDrive\\Desktop\\Legend\\js\\basic.js": {"path":"C:\\Users\\anast\\OneDrive\\Desktop\\Legend\\js\\basic.js","statementMap":{"0":{"start":{"line":1,"column":11},"end":{"line":4,"column":3}},"1":{"start":{"line":6,"column":23},"end":{"line":16,"column":3}},"2":{"start":{"line":19,"column":4},"end":{"line":21,"column":5}},"3":{"start":{"line":20,"column":6},"end":{"line":20,"column":23}},"4":{"start":{"line":22,"column":4},"end":{"line":24,"column":5}},"5":{"start":{"line":23,"column":6},"end":{"line":23,"column":23}},"6":{"start":{"line":25,"column":4},"end":{"line":27,"column":5}},"7":{"start":{"line":26,"column":6},"end":{"line":26,"column":24}}},"fnMap":{"0":{"name":"calculateHealth","decl":{"start":{"line":18,"column":26},"end":{"line":18,"column":41}},"loc":{"start":{"line":18,"column":48},"end":{"line":28,"column":3}},"line":18}},"branchMap":{"0":{"loc":{"start":{"line":19,"column":4},"end":{"line":21,"column":5}},"type":"if","locations":[{"start":{"line":19,"column":4},"end":{"line":21,"column":5}},{"start":{},"end":{}}],"line":19},"1":{"loc":{"start":{"line":22,"column":4},"end":{"line":24,"column":5}},"type":"if","locations":[{"start":{"line":22,"column":4},"end":{"line":24,"column":5}},{"start":{},"end":{}}],"line":22},"2":{"loc":{"start":{"line":22,"column":7},"end":{"line":22,"column":95}},"type":"binary-expr","locations":[{"start":{"line":22,"column":7},"end":{"line":22,"column":49}},{"start":{"line":22,"column":53},"end":{"line":22,"column":95}}],"line":22},"3":{"loc":{"start":{"line":25,"column":4},"end":{"line":27,"column":5}},"type":"if","locations":[{"start":{"line":25,"column":4},"end":{"line":27,"column":5}},{"start":{},"end":{}}],"line":25}},"s":{"0":1,"1":1,"2":3,"3":1,"4":2,"5":1,"6":1,"7":1},"f":{"0":3},"b":{"0":[1,2],"1":[1,1],"2":[2,1],"3":[1,0]},"_coverageSchema":"1a1c01bbd47fc00a2c39e90264f33305004495a9","hash":"6b0f6ec671de15aa489323214489cb0474ee1328"}
}
